<?xml version="1.0" encoding="UTF-8"?>
<testsuite xmlns:xsi="http://www.w3.org/2001/XMLSchema-instance" xsi:noNamespaceSchemaLocation="https://maven.apache.org/surefire/maven-surefire-plugin/xsd/surefire-test-report.xsd" name="tests.api.TestsPet" time="30.113" tests="5" errors="0" skipped="0" failures="2">
  <properties>
[...]
</properties>
  <testcase name="deletePetTest" classname="tests.api.TestsPet" time="9.122">
    <failure message="expected: &lt;201&gt; but was: &lt;200&gt;" type="org.opentest4j.AssertionFailedError"><![CDATA[org.opentest4j.AssertionFailedError: expected: <201> but was: <200>
	at tests.api.TestsPet.deletePetTest(TestsPet.java:90)
]]></failure>
    <system-out><![CDATA[2024-05-23 20:31:28 INFO       TestsPet:34 - Init was completely successfully
Request method:	POST
Request URI:	https://petstore.swagger.io/v2/pet/
Proxy:			<none>
Request params:	<none>
Query params:	<none>
Form params:	<none>
Path params:	<none>
Headers:		Accept=*/*
				Content-Type=application/json
Cookies:		<none>
Multiparts:		<none>
Body:
{
    "id": 1,
    "category": null,
    "name": "Dog",
    "photoUrls": null,
    "tags": null,
    "status": "available"
}
Request method:	POST
Request URI:	https://petstore.swagger.io/v2/pet/
Proxy:			<none>
Request params:	<none>
Query params:	<none>
Form params:	<none>
Path params:	<none>
Headers:		Accept=*/*
				Content-Type=application/json
Cookies:		<none>
Multiparts:		<none>
Body:
{
    "id": 1,
    "category": null,
    "name": "Dog",
    "photoUrls": null,
    "tags": null,
    "status": "available"
}
Request method:	POST
Request URI:	https://petstore.swagger.io/v2/pet/
Proxy:			<none>
Request params:	<none>
Query params:	<none>
Form params:	<none>
Path params:	<none>
Headers:		Accept=*/*
				Content-Type=application/json
Cookies:		<none>
Multiparts:		<none>
Body:
{
    "id": 1,
    "category": null,
    "name": "Dog",
    "photoUrls": null,
    "tags": null,
    "status": "available"
}
HTTP/1.1 200 OK
Date: Thu, 23 May 2024 17:31:35 GMT
Content-Type: application/json
Transfer-Encoding: chunked
Connection: keep-alive
Access-Control-Allow-Origin: *
Access-Control-Allow-Methods: GET, POST, DELETE, PUT
Access-Control-Allow-Headers: Content-Type, api_key, Authorization
Server: Jetty(9.2.9.v20150224)

{
    "id": 1,
    "name": "Dog",
    "status": "available"
}
HTTP/1.1 200 OK
Date: Thu, 23 May 2024 17:31:35 GMT
Content-Type: application/json
Transfer-Encoding: chunked
Connection: keep-alive
Access-Control-Allow-Origin: *
Access-Control-Allow-Methods: GET, POST, DELETE, PUT
Access-Control-Allow-Headers: Content-Type, api_key, Authorization
Server: Jetty(9.2.9.v20150224)

{
    "id": 1,
    "name": "Dog",
    "status": "available"
}
2024-05-23 20:31:35 INFO       TestsPet:45 - Test data was created successfully
2024-05-23 20:31:35 INFO       TestsPet:45 - Test data was created successfully
HTTP/1.1 200 OK
Date: Thu, 23 May 2024 17:31:35 GMT
Content-Type: application/json
Transfer-Encoding: chunked
Connection: keep-alive
Access-Control-Allow-Origin: *
Access-Control-Allow-Methods: GET, POST, DELETE, PUT
Access-Control-Allow-Headers: Content-Type, api_key, Authorization
Server: Jetty(9.2.9.v20150224)

{
    "id": 1,
    "name": "Dog",
    "status": "available"
}
2024-05-23 20:31:35 INFO       TestsPet:45 - Test data was created successfully
Request method:	GET
Request URI:	https://petstore.swagger.io/v2/pet/1
Proxy:			<none>
Request params:	<none>
Query params:	<none>
Form params:	<none>
Path params:	<none>
Headers:		Accept=*/*
				Content-Type=application/json
Cookies:		<none>
Multiparts:		<none>
Body:			<none>
Request method:	GET
Request URI:	https://petstore.swagger.io/v2/pet/50000
Proxy:			<none>
Request params:	<none>
Query params:	<none>
Form params:	<none>
Path params:	<none>
Headers:		Accept=*/*
				Content-Type=application/json
Cookies:		<none>
Multiparts:		<none>
Body:			<none>
Request method:	DELETE
Request URI:	https://petstore.swagger.io/v2/pet/1
Proxy:			<none>
Request params:	<none>
Query params:	<none>
Form params:	<none>
Path params:	<none>
Headers:		Accept=*/*
				Content-Type=application/json
Cookies:		<none>
Multiparts:		<none>
Body:			<none>
HTTP/1.1 200 OK
Date: Thu, 23 May 2024 17:31:38 GMT
Content-Type: application/json
Transfer-Encoding: chunked
Connection: keep-alive
Access-Control-Allow-Origin: *
Access-Control-Allow-Methods: GET, POST, DELETE, PUT
Access-Control-Allow-Headers: Content-Type, api_key, Authorization
Server: Jetty(9.2.9.v20150224)

{
    "id": 1,
    "name": "Dog",
    "status": "available"
}
HTTP/1.1 200 OK
Date: Thu, 23 May 2024 17:31:38 GMT
Content-Type: application/json
Transfer-Encoding: chunked
Connection: keep-alive
Access-Control-Allow-Origin: *
Access-Control-Allow-Methods: GET, POST, DELETE, PUT
Access-Control-Allow-Headers: Content-Type, api_key, Authorization
Server: Jetty(9.2.9.v20150224)

{
    "code": 200,
    "type": "unknown",
    "message": "1"
}
HTTP/1.1 404 Not Found
Date: Thu, 23 May 2024 17:31:38 GMT
Content-Type: application/json
Transfer-Encoding: chunked
Connection: keep-alive
Access-Control-Allow-Origin: *
Access-Control-Allow-Methods: GET, POST, DELETE, PUT
Access-Control-Allow-Headers: Content-Type, api_key, Authorization
Server: Jetty(9.2.9.v20150224)

{
    "code": 1,
    "type": "error",
    "message": "Pet not found"
}
]]></system-out>
  </testcase>
  <testcase name="getPetsByExistingId" classname="tests.api.TestsPet" time="3.177"/>
  <testcase name="getPetsByNotExistingId" classname="tests.api.TestsPet" time="0.313"/>
  <testcase name="findPetsByStatusTest" classname="tests.api.TestsPet" time="8.185">
    <failure message="expected: &lt;201&gt; but was: &lt;200&gt;" type="org.opentest4j.AssertionFailedError"><![CDATA[org.opentest4j.AssertionFailedError: expected: <201> but was: <200>
	at tests.api.TestsPet.findPetsByStatusTest(TestsPet.java:104)
]]></failure>
    <system-out><![CDATA[HTTP/1.1 200 OK
Date: Thu, 23 May 2024 17:31:42 GMT
Content-Type: application/json
Transfer-Encoding: chunked
Connection: keep-alive
Access-Control-Allow-Origin: *
Access-Control-Allow-Methods: GET, POST, DELETE, PUT
Access-Control-Allow-Headers: Content-Type, api_key, Authorization
Server: Jetty(9.2.9.v20150224)

[
    {
        "id": 1791782146981143,
        "name": "???? ?????",
        "photoUrls": [
            "https://img.freepik.com/free-photo/parent.jpg",
            "https://img.freepik.com/free-photo/stand.jpg",
            "https://img.freepik.com/free-photo/TV.jpg",
            "https://img.freepik.com/free-photo/east.jpg"
        ],
        "tags": [
            
        ],
        "status": "available"
    },
    {
        "id": 6213368137043176,
        "category": {
            "id": 7998,
            "name": "??????"
        },
        "name": "?????? ??????",
        "photoUrls": [
            "https://img.freepik.com/free-photo/fight.jpg",
            "https://img.freepik.com/free-photo/perhaps.jpg"
        ],
        "tags": [
            {
                "id": 180,
                "name": "#??????"
            }
        ],
        "status": "available"
    },
    {
        "id": 9223372036854763470,
        "category": {
            "id": 0,
            "name": "string"
        },
        "name": "doggie",
        "photoUrls": [
            "string"
        ],
        "tags": [
            {
                "id": 0,
                "name": "string"
            }
        ],
        "status": "available"
    },
    {
        "id": 9223372036854763473,
        "category": {
            "id": 0,
            "name": "string"
        },
        "name": "fish",
        "photoUrls": [
            "string"
        ],
        "tags": [
            {
                "id": 0,
                "name": "string"
            }
        ],
        "status": "available"
    },
    {
        "id": 9223372036854763474,
        "category": {
            "id": 0,
            "name": "string"
        },
        "name": "doggie",
        "photoUrls": [
            "string"
        ],
        "tags": [
            {
                "id": 0,
                "name": "string"
            }
        ],
        "status": "available"
    },
    {
        "id": 9223372036854763475,
        "category": {
            "id": 0,
            "name": "string"
        },
        "name": "fish",
        "photoUrls": [
            "string"
        ],
        "tags": [
            {
                "id": 0,
                "name": "string"
            }
        ],
        "status": "available"
    },
    {
        "id": 6723977488181644,
        "name": "?????? ???????",
        "photoUrls": [
            "https://img.freepik.com/free-photo/may.jpg",
            "https://img.freepik.com/free-photo/wrong.jpg",
            "https://img.freepik.com/free-photo/trial.jpg",
            "https://img.freepik.com/free-photo/determine.jpg",
            "https://img.freepik.com/free-photo/address.jpg"
        ],
        "tags": [
            
        ],
        "status": "available"
    },
    {
        "id": 4629039783476559,
        "category": {
            "id": 1741,
            "name": "???????????"
        },
        "name": "???? ??????????",
        "photoUrls": [
            "https://img.freepik.com/free-photo/sort.jpg",
            "https://img.freepik.com/free-photo/town.jpg",
            "https://img.freepik.com/free-photo/fast.jpg",
            "https://img.freepik.com/free-photo/suggest.jpg",
            "https://img.freepik.com/free-photo/than.jpg",
            "https://img.freepik.com/free-photo/meet.jpg",
            "https://img.freepik.com/free-photo/middle.jpg",
            "https://img.freepik.com/free-photo/network.jpg",
            "https://img.freepik.com/free-photo/than.jpg"
        ],
        "tags": [
            {
                "id": 383,
                "name": "#??????"
            }
        ],
        "status": "available"
    },
    {
        "id": 9223372036854763477,
        "category": {
            "id": 0,
            "name": "string"
        },
        "name": "Puff",
        "photoUrls": [
            "string"
        ],
        "tags": [
            {
                "id": 0,
                "name": "string"
            }
        ],
        "status": "available"
    },
    {
        "id": 9223372036854763480,
        "category": {
            "id": 0,
            "name": "Dog"
        },
        "name": "Froggie",
        "photoUrls": [
            "https://pics.craiyon.com/2023-06-18/496b0b0cb4534586968f91dca1788985.webp"
        ],
        "tags": [
            {
                "id": 0,
                "name": "string"
            }
        ],
        "status": "available"
    },
    {
        "id": 9223372036854763492,
        "category": {
            "id": 0,
            "name": "string"
        },
        "name": "fish",
        "photoUrls": [
            "string"
        ],
        "tags": [
            {
                "id": 0,
                "name": "string"
            }
        ],
        "status": "available"
    },
    {
        "id": 9223372036854763505,
        "category": {
            "id": 0,
            "name": "string"
        },
        "name": "fish",
        "photoUrls": [
            "string"
        ],
        "tags": [
            {
                "id": 0,
                "name": "string"
            }
        ],
        "status": "available"
    },
    {
        "id": 9223372036854763508,
        "category": {
            "id": 0,
            "name": "string"
        },
        "name": "doggie",
        "photoUrls": [
            "string"
        ],
        "tags": [
            {
                "id": 0,
                "name": "string"
            }
        ],
        "status": "available"
    },
    {
        "id": 9223372036854763510,
        "category": {
            "id": 0,
            "name": "string"
        },
        "name": "doggie",
        "photoUrls": [
            "string"
        ],
        "tags": [
            {
                "id": 0,
                "name": "string"
            }
        ],
        "status": "available"
    },
    {
        "id": 6356257444293875,
        "name": "?????? ??????????",
        "photoUrls": [
            "https://img.freepik.com/free-photo/little.jpg",
            "https://img.freepik.com/free-photo/name.jpg",
            "https://img.freepik.com/free-photo/much.jpg",
            "https://img.freepik.com/free-photo/eat.jpg",
            "https://img.freepik.com/free-photo/two.jpg"
        ],
        "tags": [
            
        ],
        "status": "available"
    },
    {
        "id": 3576759470419706,
        "category": {
            "id": 9534,
            "name": "???"
        },
        "name": "?????????? ??????",
        "photoUrls": [
            "https://img.freepik.com/free-photo/price.jpg",
            "https://img.freepik.com/free-photo/process.jpg",
            "https://img.freepik.com/free-photo/side.jpg",
            "https://img.freepik.com/free-photo/group.jpg",
            "https://img.freepik.com/free-photo/sign.jpg",
            "https://img.freepik.com/free-photo/present.jpg",
            "https://img.freepik.com/free-photo/example.jpg"
        ],
        "tags": [
            {
                "id": 585,
                "name": "#??????"
            },
            {
                "id": 711,
                "name": "#????????"
            },
            {
                "id": 932,
                "name": "#?????????"
            },
            {
                "id": 429,
                "name": "#????"
            },
            {
                "id": 417,
                "name": "#???????????"
            }
        ],
        "status": "available"
    },
    {
        "id": 9223372036854763520,
        "category": {
            "id": 0,
            "name": "Dog"
        },
        "name": "Froggie",
        "photoUrls": [
            "https://pics.craiyon.com/2023-06-18/496b0b0cb4534586968f91dca1788985.webp"
        ],
        "tags": [
            {
                "id": 0,
                "name": "string"
            }
        ],
        "status": "available"
    },
    {
        "id": 4912598145587297,
        "name": "?????? ?????????????",
        "photoUrls": [
            "https://img.freepik.com/free-photo/worry.jpg",
            "https://img.freepik.com/free-photo/experience.jpg",
            "https://img.freepik.com/free-photo/very.jpg",
            "https://img.freepik.com/free-photo/organization.jpg",
            "https://img.freepik.com/free-photo/great.jpg",
            "https://img.freepik.com/free-photo/mind.jpg"
        ],
        "tags": [
            
        ],
        "status": "available"
    },
    {
        "id": 3492111643199320,
        "category": {
            "id": 9585,
            "name": "????"
        },
        "name": "?????? ??????",
        "photoUrls": [
            "https://img.freepik.com/free-photo/such.jpg",
            "https://img.freepik.com/free-photo/seek.jpg",
            "https://img.freepik.com/free-photo/prove.jpg",
            "https://img.freepik.com/free-photo/expect.jpg",
            "https://img.freepik.com/free-photo/race.jpg",
            "https://img.freepik.com/free-photo/peace.jpg",
            "https://img.freepik.com/free-photo/which.jpg"
        ],
        "tags": [
            {
                "id": 600,
                "name": "#???????"
            },
            {
                "id": 178,
                "name": "#????????"
            },
            {
                "id": 526,
                "name": "#???????????"
            }
        ],
        "status": "available"
    },
    {
        "id": 9223372036854763537,
        "category": {
            "id": 0,
            "name": "string"
        },
        "name": "fish",
        "photoUrls": [
            "string"
        ],
        "tags": [
            {
                "id": 0,
                "name": "string"
            }
        ],
        "status": "available"
    },
    {
        "id": 1419199824092251,
        "name": "?????????????? ????????",
        "photoUrls": [
            "https://img.freepik.com/free-photo/ask.jpg",
            "https://img.freepik.com/free-photo/cover.jpg"
        ],
        "tags": [
            
        ],
        "status": "available"
    },
    {
        "id": 5663601913928289,
        "category": {
            "id": 9295,
            "name": "?????????"
        },
        "name": "????????? ??????",
        "photoUrls": [
            "https://img.freepik.com/free-photo/project.jpg",
            "https://img.freepik.com/free-photo/trial.jpg",
            "https://img.freepik.com/free-photo/close.jpg",
            "https://img.freepik.com/free-photo/need.jpg",
            "https://img.freepik.com/free-photo/job.jpg",
            "https://img.freepik.com/free-photo/reflect.jpg",
            "https://img.freepik.com/free-photo/wonder.jpg",
            "https://img.freepik.com/free-photo/security.jpg",
            "https://img.freepik.com/free-photo/reflect.jpg"
        ],
        "tags": [
            {
                "id": 112,
                "name": "#?????????"
            },
            {
                "id": 944,
                "name": "#??????????"
            },
            {
                "id": 455,
                "name": "#???????"
            },
            {
                "id": 114,
                "name": "#????????"
            },
            {
                "id": 194,
                "name": "#??????"
            },
            {
                "id": 138,
                "name": "#?????"
            },
            {
                "id": 192,
                "name": "#???????"
            },
            {
                "id": 438,
                "name": "#??????"
            },
            {
                "id": 830,
                "name": "#?????"
            }
        ],
        "status": "available"
    },
    {
        "id": 9223372036854763544,
        "category": {
            "id": 0,
            "name": "string"
        },
        "name": "fish",
        "photoUrls": [
            "string"
        ],
        "tags": [
            {
                "id": 0,
                "name": "string"
            }
        ],
        "status": "available"
    },
    {
        "id": 9223372036854763545,
        "category": {
            "id": 0,
            "name": "string"
        },
        "name": "fish",
        "photoUrls": [
            "string"
        ],
        "tags": [
            {
                "id": 0,
                "name": "string"
            }
        ],
        "status": "available"
    },
    {
        "id": 9223372036854763548,
        "category": {
            "id": 0,
            "name": "string"
        },
        "name": "Puff",
        "photoUrls": [
            "string"
        ],
        "tags": [
            {
                "id": 0,
                "name": "string"
            }
        ],
        "status": "available"
    },
    {
        "id": 5308781505882068,
        "name": "????????? ???????",
        "photoUrls": [
            "https://img.freepik.com/free-photo/measure.jpg",
            "https://img.freepik.com/free-photo/per.jpg",
            "https://img.freepik.com/free-photo/treatment.jpg",
            "https://img.freepik.com/free-photo/can.jpg"
        ],
        "tags": [
            
        ],
        "status": "available"
    },
    {
        "id": 7765635024579028,
        "category": {
            "id": 5044,
            "name": "???????"
        },
        "name": "????? ??????",
        "photoUrls": [
            "https://img.freepik.com/free-photo/others.jpg",
            "https://img.freepik.com/free-photo/still.jpg",
            "https://img.freepik.com/free-photo/father.jpg"
        ],
        "tags": [
            {
                "id": 344,
                "name": "#??????"
            },
            {
                "id": 876,
                "name": "#??????????"
            },
            {
                "id": 783,
                "name": "#???????"
            },
            {
                "id": 398,
                "name": "#?????"
            },
            {
                "id": 786,
                "name": "#??????????"
            }
        ],
        "status": "available"
    },
    {
        "id": 9223372036854763562,
        "category": {
            "id": 0,
            "name": "string"
        },
        "name": "fish",
        "photoUrls": [
            "string"
        ],
        "tags": [
            {
                "id": 0,
                "name": "string"
            }
        ],
        "status": "available"
    },
    {
        "id": 9223372036854763563,
        "category": {
            "id": 123,
            "name": "string"
        },
        "name": "doggie",
        "photoUrls": [
            "string"
        ],
        "tags": [
            {
                "id": 123,
                "name": "string"
            }
        ],
        "status": "available"
    },
    {
        "id": 9223372036854763564,
        "category": {
            "id": 123,
            "name": "string"
        },
        "name": "doggie",
        "photoUrls": [
            "string"
        ],
        "tags": [
            {
                "id": 123,
                "name": "string"
            }
        ],
        "status": "available"
    },
    {
        "id": 9223372036854763565,
        "category": {
            "id": 0,
            "name": "string"
        },
        "name": "fish",
        "photoUrls": [
            "string"
        ],
        "tags": [
            {
                "id": 0,
                "name": "string"
            }
        ],
        "status": "available"
    },
    {
        "id": 9223372036854763567,
        "category": {
            "id": 0,
            "name": "string"
        },
        "name": "fish",
        "photoUrls": [
            "string"
        ],
        "tags": [
            {
                "id": 0,
                "name": "string"
            }
        ],
        "status": "available"
    },
    {
        "id": 9223372036854763568,
        "category": {
            "id": 0,
            "name": "string"
        },
        "name": "fish",
        "photoUrls": [
            "string"
        ],
        "tags": [
            {
                "id": 0,
                "name": "string"
            }
        ],
        "status": "available"
    },
    {
        "id": 9223372036854763571,
        "category": {
            "id": 0,
            "name": "string"
        },
        "name": "fish",
        "photoUrls": [
            "string"
        ],
        "tags": [
            {
                "id": 0,
                "name": "string"
            }
        ],
        "status": "available"
    },
    {
        "id": 9223372036854763581,
        "category": {
            "id": 0,
            "name": "string"
        },
        "name": "fish",
        "photoUrls": [
            "string"
        ],
        "tags": [
            {
                "id": 0,
                "name": "string"
            }
        ],
        "status": "available"
    },
    {
        "id": 5079339292918029,
        "name": "?????? ?????????",
        "photoUrls": [
            "https://img.freepik.com/free-photo/community.jpg",
            "https://img.freepik.com/free-photo/keep.jpg",
            "https://img.freepik.com/free-photo/stage.jpg",
            "https://img.freepik.com/free-photo/result.jpg",
            "https://img.freepik.com/free-photo/federal.jpg",
            "https://img.freepik.com/free-photo/understand.jpg"
        ],
        "tags": [
            
        ],
        "status": "available"
    },
    {
        "id": 7879075378594507,
        "category": {
            "id": 4489,
            "name": "?????"
        },
        "name": "????? ???????",
        "photoUrls": [
            "https://img.freepik.com/free-photo/thing.jpg",
            "https://img.freepik.com/free-photo/wife.jpg"
        ],
        "tags": [
            {
                "id": 166,
                "name": "#??????"
            },
            {
                "id": 538,
                "name": "#????"
            },
            {
                "id": 588,
                "name": "#??????????????"
            },
            {
                "id": 552,
                "name": "#????????"
            },
            {
                "id": 588,
                "name": "#???????????"
            },
            {
                "id": 138,
                "name": "#????????"
            },
            {
                "id": 158,
                "name": "#???????????"
            },
            {
                "id": 666,
                "name": "#??????"
            },
            {
                "id": 645,
                "name": "#??????"
            }
        ],
        "status": "available"
    },
    {
        "id": 9223372036854763610,
        "category": {
            "id": 0,
            "name": "string"
        },
        "name": "doggie",
        "photoUrls": [
            "string"
        ],
        "tags": [
            {
                "id": 0,
                "name": "string"
            }
        ],
        "status": "available"
    },
    {
        "id": 9223372036854763612,
        "category": {
            "id": 0,
            "name": "string"
        },
        "name": "fish",
        "photoUrls": [
            "string"
        ],
        "tags": [
            {
                "id": 0,
                "name": "string"
            }
        ],
        "status": "available"
    },
    {
        "id": 9223372036854763613,
        "category": {
            "id": 0,
            "name": "string"
        },
        "name": "fish",
        "photoUrls": [
            "string"
        ],
        "tags": [
            {
                "id": 0,
                "name": "string"
            }
        ],
        "status": "available"
    },
    {
        "id": 9223372036854763614,
        "category": {
            "id": 0,
            "name": "Kuldeep"
        },
        "name": "API Automation",
        "photoUrls": [
            "string"
        ],
        "tags": [
            {
                "id": 0,
                "name": "Soap"
            }
        ],
        "status": "available"
    },
    {
        "id": 9223372036854763615,
        "category": {
            "id": 0,
            "name": "string"
        },
        "name": "Puff",
        "photoUrls": [
            "string"
        ],
        "tags": [
            {
                "id": 0,
                "name": "string"
            }
        ],
        "status": "available"
    },
    {
        "id": 9223372036854763616,
        "category": {
            "id": 0,
            "name": "Jerry"
        },
        "name": "Mouse",
        "photoUrls": [
            "string"
        ],
        "tags": [
            {
                "id": 0,
                "name": "Mouse"
            }
        ],
        "status": "available"
    },
    {
        "id": 2302039035254953,
        "name": "???? ????????",
        "photoUrls": [
            "https://img.freepik.com/free-photo/cover.jpg",
            "https://img.freepik.com/free-photo/east.jpg"
        ],
        "tags": [
            
        ],
        "status": "available"
    },
    {
        "id": 1365758943093439,
        "category": {
            "id": 7613,
            "name": "??????"
        },
        "name": "? ?????",
        "photoUrls": [
            "https://img.freepik.com/free-photo/building.jpg",
            "https://img.freepik.com/free-photo/former.jpg",
            "https://img.freepik.com/free-photo/why.jpg",
            "https://img.freepik.com/free-photo/anyone.jpg",
            "https://img.freepik.com/free-photo/seven.jpg",
            "https://img.freepik.com/free-photo/take.jpg",
            "https://img.freepik.com/free-photo/defense.jpg",
            "https://img.freepik.com/free-photo/beautiful.jpg",
            "https://img.freepik.com/free-photo/program.jpg"
        ],
        "tags": [
            {
                "id": 541,
                "name": "#????"
            },
            {
                "id": 527,
                "name": "#?????????"
            }
        ],
        "status": "available"
    },
    {
        "id": 9223372036854763625,
        "category": {
            "id": 0,
            "name": "string"
        },
        "name": "fish",
        "photoUrls": [
            "string"
        ],
        "tags": [
            {
                "id": 0,
                "name": "string"
            }
        ],
        "status": "available"
    },
    {
        "id": 9223372036854763628,
        "category": {
            "id": 0,
            "name": "string"
        },
        "name": "Puff",
        "photoUrls": [
            "string"
        ],
        "tags": [
            {
                "id": 0,
                "name": "string"
            }
        ],
        "status": "available"
    },
    {
        "id": 9223372036854763629,
        "category": {
            "id": 0,
            "name": "string"
        },
        "name": "fish",
        "photoUrls": [
            "string"
        ],
        "tags": [
            {
                "id": 0,
                "name": "string"
            }
        ],
        "status": "available"
    },
    {
        "id": 9223372036854763641,
        "category": {
            "id": 0,
            "name": "string"
        },
        "name": "doggie",
        "photoUrls": [
            "string"
        ],
        "tags": [
            {
                "id": 0,
                "name": "string"
            }
        ],
        "status": "available"
    },
    {
        "id": 9223372036854763650,
        "category": {
            "id": 0,
            "name": "string"
        },
        "name": "fish",
        "photoUrls": [
            "string"
        ],
        "tags": [
            {
                "id": 0,
                "name": "string"
            }
        ],
        "status": "available"
    },
    {
        "id": 12378,
        "category": {
            "id": 0,
            "name": "string"
        },
        "name": "ryhor",
        "photoUrls": [
            "string"
        ],
        "tags": [
            {
                "id": 0,
                "name": "string"
            }
        ],
        "status": "available"
    },
    {
        "id": 9223372036854763655,
        "category": {
            "id": 0,
            "name": "string"
        },
        "name": "fish",
        "photoUrls": [
            "string"
        ],
        "tags": [
            {
                "id": 0,
                "name": "string"
            }
        ],
        "status": "available"
    },
    {
        "id": 9223372036854763656,
        "category": {
            "id": 0,
            "name": "string"
        },
        "name": "fish",
        "photoUrls": [
            "string"
        ],
        "tags": [
            {
                "id": 0,
                "name": "string"
            }
        ],
        "status": "available"
    },
    {
        "id": 9223372036854763659,
        "category": {
            "id": 0,
            "name": "string"
        },
        "name": "Puff",
        "photoUrls": [
            "string"
        ],
        "tags": [
            {
                "id": 0,
                "name": "string"
            }
        ],
        "status": "available"
    },
    {
        "id": 23,
        "category": {
            "id": 0,
            "name": "perrito loco"
        },
        "name": "doggie",
        "photoUrls": [
            "string"
        ],
        "tags": [
            {
                "id": 0,
                "name": "string"
            }
        ],
        "status": "available"
    },
    {
        "id": 9223372036854763672,
        "category": {
            "id": 0,
            "name": "string"
        },
        "name": "fish",
        "photoUrls": [
            "string"
        ],
        "tags": [
            {
                "id": 0,
                "name": "string"
            }
        ],
        "status": "available"
    },
    {
        "id": 9223372036854763674,
        "category": {
            "id": 0,
            "name": "string"
        },
        "name": "fish",
        "photoUrls": [
            "string"
        ],
        "tags": [
            {
                "id": 0,
                "name": "string"
            }
        ],
        "status": "available"
    },
    {
        "id": 9223372036854763675,
        "category": {
            "id": 0,
            "name": "string"
        },
        "name": "fish",
        "photoUrls": [
            "string"
        ],
        "tags": [
            {
                "id": 0,
                "name": "string"
            }
        ],
        "status": "available"
    },
    {
        "id": 9223372036854763676,
        "category": {
            "id": 0,
            "name": "string"
        },
        "name": "fish",
        "photoUrls": [
            "string"
        ],
        "tags": [
            {
                "id": 0,
                "name": "string"
            }
        ],
        "status": "available"
    },
    {
        "id": 75,
        "category": {
            "id": 0,
            "name": "string"
        },
        "name": "Pearline",
        "photoUrls": [
            "string"
        ],
        "tags": [
            {
                "id": 0,
                "name": "string"
            }
        ],
        "status": "available"
    },
    {
        "id": 9223372036854763697,
        "category": {
            "id": 0,
            "name": "string"
        },
        "name": "doggie",
        "photoUrls": [
            "string"
        ],
        "tags": [
            {
                "id": 0,
                "name": "string"
            }
        ],
        "status": "available"
    },
    {
        "id": 9223372036854763700,
        "category": {
            "id": 0,
            "name": "string"
        },
        "name": "fish",
        "photoUrls": [
            "string"
        ],
        "tags": [
            {
                "id": 0,
                "name": "string"
            }
        ],
        "status": "available"
    },
    {
        "id": 9222968140491042131,
        "category": {
            "id": 0,
            "name": "string"
        },
        "name": "doggie",
        "photoUrls": [
            "string"
        ],
        "tags": [
            {
                "id": 0,
                "name": "string"
            }
        ],
        "status": "available"
    },
    {
        "id": 9223372036854763701,
        "category": {
            "id": 0,
            "name": "string"
        },
        "name": "fish",
        "photoUrls": [
            "string"
        ],
        "tags": [
            {
                "id": 0,
                "name": "string"
            }
        ],
        "status": "available"
    },
    {
        "id": 9223372036854763702,
        "category": {
            "id": 0,
            "name": "string"
        },
        "name": "Puff",
        "photoUrls": [
            "string"
        ],
        "tags": [
            {
                "id": 0,
                "name": "string"
            }
        ],
        "status": "available"
    },
    {
        "id": 9223372036854763721,
        "category": {
            "id": 0,
            "name": "string"
        },
        "name": "fish",
        "photoUrls": [
            "string"
        ],
        "tags": [
            {
                "id": 0,
                "name": "string"
            }
        ],
        "status": "available"
    },
    {
        "id": 469637,
        "category": {
            "id": 0,
            "name": "string"
        },
        "name": "batel",
        "photoUrls": [
            "string"
        ],
        "tags": [
            {
                "id": 0,
                "name": "string"
            }
        ],
        "status": "available"
    },
    {
        "id": 214243,
        "category": {
            "id": 0,
            "name": "string"
        },
        "name": "batel",
        "photoUrls": [
            "string1",
            "string2",
            "string3"
        ],
        "tags": [
            {
                "id": 0,
                "name": "string"
            }
        ],
        "status": "available"
    },
    {
        "id": 685710,
        "name": "bateltest",
        "photoUrls": [
            "string"
        ],
        "tags": [
            
        ],
        "status": "available"
    },
    {
        "id": 880110,
        "category": {
            "id": 0,
            "name": "string"
        },
        "name": "batel",
        "photoUrls": [
            "string"
        ],
        "tags": [
            {
                "id": 0,
                "name": "string"
            }
        ],
        "status": "available"
    },
    {
        "id": 405054,
        "category": {
            "id": 0,
            "name": "string"
        },
        "name": "batel",
        "photoUrls": [
            "string1",
            "string2",
            "string3"
        ],
        "tags": [
            {
                "id": 0,
                "name": "string"
            }
        ],
        "status": "available"
    },
    {
        "id": 9223372036854763757,
        "category": {
            "id": 0,
            "name": "string"
        },
        "name": "fish",
        "photoUrls": [
            "string"
        ],
        "tags": [
            {
                "id": 0,
                "name": "string"
            }
        ],
        "status": "available"
    },
    {
        "id": 263171,
        "name": "bateltest",
        "photoUrls": [
            "string"
        ],
        "tags": [
            
        ],
        "status": "available"
    },
    {
        "id": 9223372036854763770,
        "category": {
            "id": 0,
            "name": "string"
        },
        "name": "fish",
        "photoUrls": [
            "string"
        ],
        "tags": [
            {
                "id": 0,
                "name": "string"
            }
        ],
        "status": "available"
    },
    {
        "id": 9223372036854763771,
        "category": {
            "id": 0,
            "name": "string"
        },
        "name": "fish",
        "photoUrls": [
            "string"
        ],
        "tags": [
            {
                "id": 0,
                "name": "string"
            }
        ],
        "status": "available"
    },
    {
        "id": 9223372036854763772,
        "category": {
            "id": 0,
            "name": "string"
        },
        "name": "Puff",
        "photoUrls": [
            "string"
        ],
        "tags": [
            {
                "id": 0,
                "name": "string"
            }
        ],
        "status": "available"
    },
    {
        "id": 9223372036854763777,
        "category": {
            "id": 0,
            "name": "string"
        },
        "name": "fish",
        "photoUrls": [
            "string"
        ],
        "tags": [
            {
                "id": 0,
                "name": "string"
            }
        ],
        "status": "available"
    },
    {
        "id": 9223372036854763778,
        "category": {
            "id": 0,
            "name": "string"
        },
        "name": "fish",
        "photoUrls": [
            "string"
        ],
        "tags": [
            {
                "id": 0,
                "name": "string"
            }
        ],
        "status": "available"
    },
    {
        "id": 9223372036854763779,
        "category": {
            "id": 0,
            "name": "string"
        },
        "name": "fish",
        "photoUrls": [
            "string"
        ],
        "tags": [
            {
                "id": 0,
                "name": "string"
            }
        ],
        "status": "available"
    },
    {
        "id": 9223372036854763780,
        "category": {
            "id": 0,
            "name": "string"
        },
        "name": "fish",
        "photoUrls": [
            "string"
        ],
        "tags": [
            {
                "id": 0,
                "name": "string"
            }
        ],
        "status": "available"
    },
    {
        "id": 11,
        "category": {
            "id": 0,
            "name": "string"
        },
        "name": "Test10",
        "photoUrls": [
            "string"
        ],
        "tags": [
            {
                "id": 0,
                "name": "string"
            }
        ],
        "status": "available"
    },
    {
        "id": 9223372036854763799,
        "category": {
            "id": 0,
            "name": "string"
        },
        "name": "doggie",
        "photoUrls": [
            "string"
        ],
        "tags": [
            {
                "id": 0,
                "name": "string"
            }
        ],
        "status": "available"
    },
    {
        "id": 9223372036854763802,
        "category": {
            "id": 0,
            "name": "string"
        },
        "name": "fish",
        "photoUrls": [
            "string"
        ],
        "tags": [
            {
                "id": 0,
                "name": "string"
            }
        ],
        "status": "available"
    },
    {
        "id": 9223372036854763803,
        "category": {
            "id": 0,
            "name": "string"
        },
        "name": "doggie",
        "photoUrls": [
            "string"
        ],
        "tags": [
            {
                "id": 0,
                "name": "string"
            }
        ],
        "status": "available"
    },
    {
        "id": 9223372036854763804,
        "category": {
            "id": 0,
            "name": "string"
        },
        "name": "fish",
        "photoUrls": [
            "string"
        ],
        "tags": [
            {
                "id": 0,
                "name": "string"
            }
        ],
        "status": "available"
    },
    {
        "id": 9223372036854763805,
        "category": {
            "id": 0,
            "name": "string"
        },
        "name": "Puff",
        "photoUrls": [
            "string"
        ],
        "tags": [
            {
                "id": 0,
                "name": "string"
            }
        ],
        "status": "available"
    },
    {
        "id": 9223372036854763824,
        "category": {
            "id": 0,
            "name": "string"
        },
        "name": "fish",
        "photoUrls": [
            "string"
        ],
        "tags": [
            {
                "id": 0,
                "name": "string"
            }
        ],
        "status": "available"
    },
    {
        "id": 9223372036854763827,
        "category": {
            "id": 0,
            "name": "string"
        },
        "name": "doggie",
        "photoUrls": [
            "string"
        ],
        "tags": [
            {
                "id": 0,
                "name": "string"
            }
        ],
        "status": "available"
    },
    {
        "id": 9223372036854763829,
        "category": {
            "id": 0,
            "name": "string"
        },
        "name": "fish",
        "photoUrls": [
            "string"
        ],
        "tags": [
            {
                "id": 0,
                "name": "string"
            }
        ],
        "status": "available"
    },
    {
        "id": 9223372036854763841,
        "category": {
            "id": 0,
            "name": "string"
        },
        "name": "fish",
        "photoUrls": [
            "string"
        ],
        "tags": [
            {
                "id": 0,
                "name": "string"
            }
        ],
        "status": "available"
    },
    {
        "id": 9223372036854763849,
        "category": {
            "id": 25,
            "name": "string"
        },
        "name": "doggie",
        "photoUrls": [
            "string"
        ],
        "tags": [
            {
                "id": 0,
                "name": "string"
            }
        ],
        "status": "available"
    },
    {
        "id": 9223372036854763858,
        "category": {
            "id": 25,
            "name": "string"
        },
        "name": "batel",
        "photoUrls": [
            "string"
        ],
        "tags": [
            {
                "id": 0,
                "name": "string"
            }
        ],
        "status": "available"
    },
    {
        "id": 9223372036854763859,
        "category": {
            "id": 0,
            "name": "string"
        },
        "name": "fish",
        "photoUrls": [
            "string"
        ],
        "tags": [
            {
                "id": 0,
                "name": "string"
            }
        ],
        "status": "available"
    },
    {
        "id": 9223372036854763860,
        "category": {
            "id": 0,
            "name": "string"
        },
        "name": "fish",
        "photoUrls": [
            "string"
        ],
        "tags": [
            {
                "id": 0,
                "name": "string"
            }
        ],
        "status": "available"
    },
    {
        "id": 9223372036854763863,
        "category": {
            "id": 0,
            "name": "string"
        },
        "name": "Puff",
        "photoUrls": [
            "string"
        ],
        "tags": [
            {
                "id": 0,
                "name": "string"
            }
        ],
        "status": "available"
    },
    {
        "id": 123,
        "category": {
            "id": 0,
            "name": "string"
        },
        "name": "doggie",
        "photoUrls": [
            "string"
        ],
        "tags": [
            {
                "id": 0,
                "name": "string"
            }
        ],
        "status": "available"
    },
    {
        "id": 76,
        "category": {
            "id": 4974,
            "name": "energy"
        },
        "name": "outside",
        "photoUrls": [
            "https://dummyimage.com/299x975"
        ],
        "tags": [
            {
                "id": 2140,
                "name": "letter"
            }
        ],
        "status": "available"
    },
    {
        "id": 9502,
        "category": {
            "id": 7866,
            "name": "first"
        },
        "name": "open",
        "photoUrls": [
            "https://dummyimage.com/593x887"
        ],
        "tags": [
            {
                "id": 3981,
                "name": "player"
            }
        ],
        "status": "available"
    },
    {
        "id": 6009,
        "category": {
            "id": 2784,
            "name": "let"
        },
        "name": "group",
        "photoUrls": [
            "https://dummyimage.com/459x280"
        ],
        "tags": [
            {
                "id": 2573,
                "name": "doctor"
            }
        ],
        "status": "available"
    },
    {
        "id": 6209,
        "category": {
            "id": 504,
            "name": "allow"
        },
        "name": "commercial",
        "photoUrls": [
            "https://picsum.photos/1001/100"
        ],
        "tags": [
            {
                "id": 7802,
                "name": "remain"
            }
        ],
        "status": "available"
    },
    {
        "id": 9833,
        "category": {
            "id": 6764,
            "name": "in"
        },
        "name": "wait",
        "photoUrls": [
            "https://placekitten.com/696/733"
        ],
        "tags": [
            {
                "id": 378,
                "name": "others"
            }
        ],
        "status": "available"
    },
    {
        "id": 9223372036854763871,
        "category": {
            "id": 0,
            "name": "string"
        },
        "name": "fish",
        "photoUrls": [
            "string"
        ],
        "tags": [
            {
                "id": 0,
                "name": "string"
            }
        ],
        "status": "available"
    },
    {
        "id": 9223372036854763872,
        "category": {
            "id": 0,
            "name": "string"
        },
        "name": "fish",
        "photoUrls": [
            "string"
        ],
        "tags": [
            {
                "id": 0,
                "name": "string"
            }
        ],
        "status": "available"
    },
    {
        "id": 9223372036854763873,
        "category": {
            "id": 0,
            "name": "string"
        },
        "name": "fish",
        "photoUrls": [
            "string"
        ],
        "tags": [
            {
                "id": 0,
                "name": "string"
            }
        ],
        "status": "available"
    },
    {
        "id": 9223372036854763874,
        "category": {
            "id": 0,
            "name": "string"
        },
        "name": "fish",
        "photoUrls": [
            "string"
        ],
        "tags": [
            {
                "id": 0,
                "name": "string"
            }
        ],
        "status": "available"
    },
    {
        "id": 9223372036854601302,
        "category": {
            "id": 0,
            "name": "string"
        },
        "name": "zimmy",
        "photoUrls": [
            "string"
        ],
        "tags": [
            {
                "id": 0,
                "name": "string"
            }
        ],
        "status": "available"
    },
    {
        "id": 279750,
        "category": {
            "id": 0,
            "name": "string"
        },
        "name": "batel",
        "photoUrls": [
            "string"
        ],
        "tags": [
            {
                "id": 0,
                "name": "string"
            }
        ],
        "status": "available"
    },
    {
        "id": 9223372036854763884,
        "name": "doggie",
        "photoUrls": [
            
        ],
        "tags": [
            
        ],
        "status": "available"
    },
    {
        "id": 9223372036854763885,
        "name": "doggie",
        "photoUrls": [
            
        ],
        "tags": [
            
        ],
        "status": "available"
    },
    {
        "id": 9223372036854763888,
        "category": {
            "id": 0,
            "name": "string"
        },
        "name": "doggie",
        "photoUrls": [
            "string"
        ],
        "tags": [
            {
                "id": 0,
                "name": "string"
            }
        ],
        "status": "available"
    },
    {
        "id": 9223372036854763889,
        "category": {
            "id": 0,
            "name": "string"
        },
        "name": "doggie",
        "photoUrls": [
            "string"
        ],
        "tags": [
            {
                "id": 0,
                "name": "string"
            }
        ],
        "status": "available"
    },
    {
        "id": 9223372036854763891,
        "category": {
            "id": 0,
            "name": "string"
        },
        "name": "doggie",
        "photoUrls": [
            "string"
        ],
        "tags": [
            {
                "id": 0,
                "name": "string"
            }
        ],
        "status": "available"
    },
    {
        "id": 9223372036854763892,
        "category": {
            "id": 0,
            "name": "string"
        },
        "name": "doggie",
        "photoUrls": [
            "string"
        ],
        "tags": [
            {
                "id": 0,
                "name": "string"
            }
        ],
        "status": "available"
    },
    {
        "id": 14012000,
        "category": {
            "id": 0,
            "name": "persik"
        },
        "name": "doggie",
        "photoUrls": [
            "string"
        ],
        "tags": [
            {
                "id": 0,
                "name": "peach"
            }
        ],
        "status": "available"
    },
    {
        "id": 743571,
        "category": {
            "id": 0,
            "name": "string"
        },
        "name": "batel",
        "photoUrls": [
            "string"
        ],
        "tags": [
            {
                "id": 0,
                "name": "string"
            }
        ],
        "status": "available"
    },
    {
        "id": 9223372036854763906,
        "category": {
            "id": 0,
            "name": "string"
        },
        "name": "doggie",
        "photoUrls": [
            "string"
        ],
        "tags": [
            {
                "id": 0,
                "name": "string"
            }
        ],
        "status": "available"
    },
    {
        "id": 9223372036854763908,
        "category": {
            "id": 0,
            "name": "string"
        },
        "name": "fish",
        "photoUrls": [
            "string"
        ],
        "tags": [
            {
                "id": 0,
                "name": "string"
            }
        ],
        "status": "available"
    },
    {
        "id": 9223372036854763911,
        "category": {
            "id": 0,
            "name": "string"
        },
        "name": "fish",
        "photoUrls": [
            "string"
        ],
        "tags": [
            {
                "id": 0,
                "name": "string"
            }
        ],
        "status": "available"
    },
    {
        "id": 9223372036854763916,
        "category": {
            "id": 0,
            "name": "string"
        },
        "name": "Puff",
        "photoUrls": [
            "string"
        ],
        "tags": [
            {
                "id": 0,
                "name": "string"
            }
        ],
        "status": "available"
    },
    {
        "id": 420,
        "category": {
            "id": 42,
            "name": "Chihuahua"
        },
        "name": "PasBre",
        "photoUrls": [
            "string"
        ],
        "tags": [
            {
                "id": 0,
                "name": "string"
            }
        ],
        "status": "available"
    },
    {
        "id": 74775555,
        "category": {
            "id": 8596,
            "name": "string"
        },
        "name": "dodddddggggeee",
        "photoUrls": [
            "string"
        ],
        "tags": [
            {
                "id": 0,
                "name": "string"
            }
        ],
        "status": "available"
    },
    {
        "id": 1669,
        "category": {
            "id": 9242,
            "name": "candidate"
        },
        "name": "buy",
        "photoUrls": [
            "https://picsum.photos/750/789"
        ],
        "tags": [
            {
                "id": 3730,
                "name": "walk"
            }
        ],
        "status": "available"
    },
    {
        "id": 9223372036854763927,
        "category": {
            "id": 0,
            "name": "string"
        },
        "name": "fish",
        "photoUrls": [
            "string"
        ],
        "tags": [
            {
                "id": 0,
                "name": "string"
            }
        ],
        "status": "available"
    },
    {
        "id": 7950,
        "category": {
            "id": 6269,
            "name": "meet"
        },
        "name": "help",
        "photoUrls": [
            "https://placekitten.com/672/50"
        ],
        "tags": [
            {
                "id": 3883,
                "name": "already"
            }
        ],
        "status": "available"
    },
    {
        "id": 1349,
        "category": {
            "id": 2154,
            "name": "name"
        },
        "name": "chair",
        "photoUrls": [
            "https://placekitten.com/321/240"
        ],
        "tags": [
            {
                "id": 491,
                "name": "run"
            }
        ],
        "status": "available"
    },
    {
        "id": 3931,
        "category": {
            "id": 6694,
            "name": "board"
        },
        "name": "true",
        "photoUrls": [
            "https://placekitten.com/888/496"
        ],
        "tags": [
            {
                "id": 391,
                "name": "development"
            }
        ],
        "status": "available"
    },
    {
        "id": 7261,
        "category": {
            "id": 8188,
            "name": "like"
        },
        "name": "very",
        "photoUrls": [
            "https://picsum.photos/167/902"
        ],
        "tags": [
            {
                "id": 3952,
                "name": "against"
            }
        ],
        "status": "available"
    },
    {
        "id": 9223372036854763933,
        "category": {
            "id": 0,
            "name": "string"
        },
        "name": "fish",
        "photoUrls": [
            "string"
        ],
        "tags": [
            {
                "id": 0,
                "name": "string"
            }
        ],
        "status": "available"
    },
    {
        "id": 9223372036854763938,
        "category": {
            "id": -12708683,
            "name": "ullamco in ea reprehenderit"
        },
        "name": "doggie",
        "photoUrls": [
            "pariatur cillum nulla Lorem",
            "sunt officia commodo"
        ],
        "tags": [
            {
                "id": 90973270,
                "name": "nulla id"
            },
            {
                "id": 51666574,
                "name": "commodo amet"
            }
        ],
        "status": "available"
    },
    {
        "id": 9223372036854763939,
        "category": {
            "id": 0,
            "name": "Pomeranian"
        },
        "name": "Yeontn",
        "photoUrls": [
            "https://www.google.com/url?sa=i&url=https%3A%2F%2Fwikibio.in%2Fyeontan%2F&psig=AOvVaw0UdJeOGlk-jKSOtT-nplW1&ust=1682581409377000&source=images&cd=vfe&ved=0CA4QjRxqFwoTCMCQvJiuyP4CFQAAAAAdAAAAABAI"
        ],
        "tags": [
            {
                "id": 0,
                "name": "Dog"
            }
        ],
        "status": "available"
    },
    {
        "id": 9223372036854763942,
        "category": {
            "id": 24337318,
            "name": "irure culpa nostrud proident"
        },
        "name": "doggie",
        "photoUrls": [
            "reprehenderit in velit",
            "cu"
        ],
        "tags": [
            {
                "id": 49740867,
                "name": "ex ut Duis in"
            },
            {
                "id": -14070169,
                "name": "non ad id ex"
            }
        ],
        "status": "available"
    },
    {
        "id": 69745597,
        "category": {
            "id": 81776001,
            "name": "anim incididunt"
        },
        "name": "doggie",
        "photoUrls": [
            "ut elit",
            "in"
        ],
        "tags": [
            {
                "id": -30941697,
                "name": "laborum"
            },
            {
                "id": -56138752,
                "name": "tempor incididunt"
            }
        ],
        "status": "available"
    },
    {
        "id": 9223372036854763946,
        "category": {
            "id": 0,
            "name": "string"
        },
        "name": "doggie",
        "photoUrls": [
            "string"
        ],
        "tags": [
            {
                "id": 0,
                "name": "string"
            }
        ],
        "status": "available"
    },
    {
        "id": 9223372036854763950,
        "category": {
            "id": 0,
            "name": "string"
        },
        "name": "doggie",
        "photoUrls": [
            "string"
        ],
        "tags": [
            {
                "id": 0,
                "name": "string"
            }
        ],
        "status": "available"
    },
    {
        "id": 9223372036854763956,
        "category": {
            "id": 0,
            "name": "string"
        },
        "name": "fish",
        "photoUrls": [
            "string"
        ],
        "tags": [
            {
                "id": 0,
                "name": "string"
            }
        ],
        "status": "available"
    },
    {
        "id": 12,
        "category": {
            "id": 1,
            "name": "string"
        },
        "name": "doggie",
        "photoUrls": [
            "string"
        ],
        "tags": [
            {
                "id": 1,
                "name": "string"
            }
        ],
        "status": "available"
    },
    {
        "id": 9223372036854763962,
        "category": {
            "id": 29279529,
            "name": "in ipsum enim"
        },
        "name": "doggie",
        "photoUrls": [
            "nulla id minim in",
            "commodo"
        ],
        "tags": [
            {
                "id": 98642183,
                "name": "et ullamco quis commodo"
            },
            {
                "id": 55922225,
                "name": "ut aute incididunt"
            }
        ],
        "status": "available"
    },
    {
        "id": 9223372036854763963,
        "category": {
            "id": -92523543,
            "name": "cupidatat in et aute dolor"
        },
        "name": "doggie",
        "photoUrls": [
            "et esse in officia",
            "dolor non"
        ],
        "tags": [
            {
                "id": 29022662,
                "name": "anim minim aute sint"
            },
            {
                "id": 11192691,
                "name": "est dolor amet Ut"
            }
        ],
        "status": "available"
    },
    {
        "id": 2340,
        "category": {
            "id": 9530,
            "name": "official"
        },
        "name": "choice",
        "photoUrls": [
            "https://picsum.photos/193/363"
        ],
        "tags": [
            {
                "id": 6826,
                "name": "quite"
            }
        ],
        "status": "available"
    },
    {
        "id": 9223372036854763970,
        "category": {
            "id": 0,
            "name": "string"
        },
        "name": "fish",
        "photoUrls": [
            "string"
        ],
        "tags": [
            {
                "id": 0,
                "name": "string"
            }
        ],
        "status": "available"
    },
    {
        "id": 4988,
        "category": {
            "id": 140,
            "name": "keep"
        },
        "name": "direction",
        "photoUrls": [
            "https://picsum.photos/624/858"
        ],
        "tags": [
            {
                "id": 6803,
                "name": "money"
            }
        ],
        "status": "available"
    },
    {
        "id": 9223372036854763971,
        "category": {
            "id": 0,
            "name": "string"
        },
        "name": "doggie",
        "photoUrls": [
            "string"
        ],
        "tags": [
            {
                "id": 0,
                "name": "string"
            }
        ],
        "status": "available"
    },
    {
        "id": 8773,
        "category": {
            "id": 4172,
            "name": "really"
        },
        "name": "wind",
        "photoUrls": [
            "https://placekitten.com/472/596"
        ],
        "tags": [
            {
                "id": 5875,
                "name": "peace"
            }
        ],
        "status": "available"
    },
    {
        "id": 2496,
        "category": {
            "id": 6282,
            "name": "account"
        },
        "name": "audience",
        "photoUrls": [
            "https://picsum.photos/255/735"
        ],
        "tags": [
            {
                "id": 7786,
                "name": "magazine"
            }
        ],
        "status": "available"
    },
    {
        "id": 5489,
        "category": {
            "id": 1,
            "name": "Cat"
        },
        "name": "Missi",
        "photoUrls": [
            
        ],
        "tags": [
            {
                "id": 35,
                "name": "British cat"
            }
        ],
        "status": "available"
    },
    {
        "id": 9223372036854763973,
        "category": {
            "id": 0,
            "name": "string"
        },
        "name": "Puff",
        "photoUrls": [
            "string"
        ],
        "tags": [
            {
                "id": 0,
                "name": "string"
            }
        ],
        "status": "available"
    },
    {
        "id": 12121,
        "category": {
            "id": 0,
            "name": "string"
        },
        "name": "TestPetName",
        "photoUrls": [
            "string"
        ],
        "tags": [
            {
                "id": 0,
                "name": "string"
            }
        ],
        "status": "available"
    },
    {
        "id": 77777,
        "category": {
            "id": 6,
            "name": "SuperDogs"
        },
        "name": "Barsik",
        "photoUrls": [
            "string"
        ],
        "tags": [
            {
                "id": 6,
                "name": "superdog"
            }
        ],
        "status": "available"
    },
    {
        "id": 9223372036854763977,
        "category": {
            "id": 0,
            "name": "string"
        },
        "name": "fish",
        "photoUrls": [
            "string"
        ],
        "tags": [
            {
                "id": 0,
                "name": "string"
            }
        ],
        "status": "available"
    },
    {
        "id": 9223372036854763978,
        "category": {
            "id": 0,
            "name": "string"
        },
        "name": "doggie",
        "photoUrls": [
            "string"
        ],
        "tags": [
            {
                "id": 0,
                "name": "string"
            }
        ],
        "status": "available"
    },
    {
        "id": 8324,
        "category": {
            "id": 2356,
            "name": "enough"
        },
        "name": "figure",
        "photoUrls": [
            "https://placekitten.com/618/89"
        ],
        "tags": [
            {
                "id": 1921,
                "name": "woman"
            }
        ],
        "status": "available"
    },
    {
        "id": 9223372036854763988,
        "category": {
            "id": 0,
            "name": "string"
        },
        "name": "morce",
        "photoUrls": [
            "string"
        ],
        "tags": [
            {
                "id": 0,
                "name": "string"
            }
        ],
        "status": "available"
    },
    {
        "id": 9223372036854763989,
        "category": {
            "id": 88,
            "name": "string"
        },
        "name": "doggie",
        "photoUrls": [
            "string"
        ],
        "tags": [
            {
                "id": 0,
                "name": "string"
            }
        ],
        "status": "available"
    },
    {
        "id": 9223372036854763990,
        "category": {
            "id": 0,
            "name": "string"
        },
        "name": "doggie",
        "photoUrls": [
            "string"
        ],
        "tags": [
            {
                "id": 0,
                "name": "string"
            }
        ],
        "status": "available"
    },
    {
        "id": 204,
        "category": {
            "id": 0,
            "name": "string"
        },
        "name": "Elsie",
        "photoUrls": [
            "string"
        ],
        "tags": [
            {
                "id": 0,
                "name": "string"
            }
        ],
        "status": "available"
    },
    {
        "id": 9223372036854763991,
        "category": {
            "id": 0,
            "name": "string"
        },
        "name": "doggie",
        "photoUrls": [
            "string"
        ],
        "tags": [
            {
                "id": 0,
                "name": "string"
            }
        ],
        "status": "available"
    },
    {
        "id": 619404,
        "category": {
            "id": 0,
            "name": "string"
        },
        "name": "batel",
        "photoUrls": [
            "string"
        ],
        "tags": [
            {
                "id": 0,
                "name": "string"
            }
        ],
        "status": "available"
    },
    {
        "id": 9223372036854763994,
        "category": {
            "id": -3647201,
            "name": "aliqua dolore"
        },
        "name": "doggie",
        "photoUrls": [
            "commodo id Lorem dolor",
            "laborum anim non sunt"
        ],
        "tags": [
            {
                "id": -70487179,
                "name": "magna non"
            },
            {
                "id": -97224183,
                "name": "aliquip enim"
            }
        ],
        "status": "available"
    },
    {
        "id": 9223372036854763995,
        "category": {
            "id": -22028245,
            "name": "ad labore sunt"
        },
        "name": "doggie",
        "photoUrls": [
            "commodo aute veniam",
            "tempor"
        ],
        "tags": [
            {
                "id": 47985645,
                "name": "quis consequat exercitation"
            },
            {
                "id": 84422713,
                "name": "fugiat id"
            }
        ],
        "status": "available"
    },
    {
        "id": 9223372036854763996,
        "category": {
            "id": 0,
            "name": "string"
        },
        "name": "fish",
        "photoUrls": [
            "string"
        ],
        "tags": [
            {
                "id": 0,
                "name": "string"
            }
        ],
        "status": "available"
    },
    {
        "id": 9223372036854763997,
        "category": {
            "id": 0,
            "name": "string"
        },
        "name": "fish",
        "photoUrls": [
            "string"
        ],
        "tags": [
            {
                "id": 0,
                "name": "string"
            }
        ],
        "status": "available"
    },
    {
        "id": 9223372036854763998,
        "category": {
            "id": 0,
            "name": "string"
        },
        "name": "fish",
        "photoUrls": [
            "string"
        ],
        "tags": [
            {
                "id": 0,
                "name": "string"
            }
        ],
        "status": "available"
    },
    {
        "id": 124,
        "category": {
            "id": 2,
            "name": "dog"
        },
        "name": "Lulu2",
        "photoUrls": [
            "no_url"
        ],
        "tags": [
            {
                "id": 2,
                "name": "chiquaqua"
            }
        ],
        "status": "available"
    },
    {
        "id": 9222968140497180179,
        "category": {
            "id": 0,
            "name": "string"
        },
        "name": "test",
        "photoUrls": [
            "string"
        ],
        "tags": [
            {
                "id": 0,
                "name": "string"
            }
        ],
        "status": "available"
    },
    {
        "id": 9223372036854764006,
        "category": {
            "id": 0,
            "name": "string"
        },
        "name": "cat",
        "photoUrls": [
            "https://klike.net/uploads/posts/2023-01/1675061232_3-62.jpg"
        ],
        "tags": [
            {
                "id": 0,
                "name": "string"
            }
        ],
        "status": "available"
    },
    {
        "id": 7924,
        "category": {
            "id": 495,
            "name": "various"
        },
        "name": "level",
        "photoUrls": [
            "https://dummyimage.com/1015x269"
        ],
        "tags": [
            {
                "id": 9813,
                "name": "this"
            }
        ],
        "status": "available"
    },
    {
        "id": 8392,
        "category": {
            "id": 7962,
            "name": "night"
        },
        "name": "machine",
        "photoUrls": [
            "https://dummyimage.com/190x67"
        ],
        "tags": [
            {
                "id": 8659,
                "name": "every"
            }
        ],
        "status": "available"
    },
    {
        "id": 3787,
        "category": {
            "id": 9062,
            "name": "site"
        },
        "name": "none",
        "photoUrls": [
            "https://dummyimage.com/114x99"
        ],
        "tags": [
            {
                "id": 1217,
                "name": "writer"
            }
        ],
        "status": "available"
    },
    {
        "id": 8698,
        "category": {
            "id": 6539,
            "name": "difficult"
        },
        "name": "prevent",
        "photoUrls": [
            "https://picsum.photos/595/732"
        ],
        "tags": [
            {
                "id": 8957,
                "name": "realize"
            }
        ],
        "status": "available"
    },
    {
        "id": 2162,
        "category": {
            "id": 8808,
            "name": "range"
        },
        "name": "table",
        "photoUrls": [
            "https://placekitten.com/374/806"
        ],
        "tags": [
            {
                "id": 1419,
                "name": "threat"
            }
        ],
        "status": "available"
    },
    {
        "id": 9223372036854764021,
        "category": {
            "id": 0,
            "name": "string"
        },
        "name": "doggie",
        "photoUrls": [
            "string"
        ],
        "tags": [
            {
                "id": 0,
                "name": "string"
            }
        ],
        "status": "available"
    },
    {
        "id": 9223372036854764022,
        "category": {
            "id": 0,
            "name": "string"
        },
        "name": "fish",
        "photoUrls": [
            "string"
        ],
        "tags": [
            {
                "id": 0,
                "name": "string"
            }
        ],
        "status": "available"
    },
    {
        "id": 9223372036854764023,
        "category": {
            "id": 0,
            "name": "string"
        },
        "name": "fish",
        "photoUrls": [
            "string"
        ],
        "tags": [
            {
                "id": 0,
                "name": "string"
            }
        ],
        "status": "available"
    },
    {
        "id": 9223372036854764024,
        "category": {
            "id": 0,
            "name": "string"
        },
        "name": "Puff",
        "photoUrls": [
            "string"
        ],
        "tags": [
            {
                "id": 0,
                "name": "string"
            }
        ],
        "status": "available"
    },
    {
        "id": 9223372036854764033,
        "category": {
            "id": 0,
            "name": "string"
        },
        "name": "fish",
        "photoUrls": [
            "string"
        ],
        "tags": [
            {
                "id": 0,
                "name": "string"
            }
        ],
        "status": "available"
    },
    {
        "id": 9223372036854764037,
        "name": "doggie",
        "photoUrls": [
            "string"
        ],
        "tags": [
            
        ],
        "status": "available"
    },
    {
        "id": 9223372036854764061,
        "category": {
            "id": 0,
            "name": "string"
        },
        "name": "Owerem@gmail.com",
        "photoUrls": [
            "string"
        ],
        "tags": [
            {
                "id": 0,
                "name": "string"
            }
        ],
        "status": "available"
    },
    {
        "id": 372172,
        "category": {
            "id": 0,
            "name": "string"
        },
        "name": "batel",
        "photoUrls": [
            "string"
        ],
        "tags": [
            {
                "id": 0,
                "name": "string"
            }
        ],
        "status": "available"
    },
    {
        "id": 9223372036854764072,
        "category": {
            "id": 0,
            "name": "string"
        },
        "name": "fish",
        "photoUrls": [
            "string"
        ],
        "tags": [
            {
                "id": 0,
                "name": "string"
            }
        ],
        "status": "available"
    },
    {
        "id": 1762,
        "category": {
            "id": 5210,
            "name": "good"
        },
        "name": "arrive",
        "photoUrls": [
            "https://dummyimage.com/481x856"
        ],
        "tags": [
            {
                "id": 1193,
                "name": "wife"
            }
        ],
        "status": "available"
    },
    {
        "id": 951,
        "category": {
            "id": 4754,
            "name": "create"
        },
        "name": "hour",
        "photoUrls": [
            "https://placekitten.com/105/800"
        ],
        "tags": [
            {
                "id": 6300,
                "name": "economy"
            }
        ],
        "status": "available"
    },
    {
        "id": 4366,
        "category": {
            "id": 6266,
            "name": "career"
        },
        "name": "after",
        "photoUrls": [
            "https://picsum.photos/801/636"
        ],
        "tags": [
            {
                "id": 3183,
                "name": "free"
            }
        ],
        "status": "available"
    },
    {
        "id": 5188,
        "category": {
            "id": 6132,
            "name": "however"
        },
        "name": "politics",
        "photoUrls": [
            "https://picsum.photos/184/194"
        ],
        "tags": [
            {
                "id": 8378,
                "name": "bit"
            }
        ],
        "status": "available"
    },
    {
        "id": 2142,
        "category": {
            "id": 3411,
            "name": "home"
        },
        "name": "name",
        "photoUrls": [
            "https://placekitten.com/444/439"
        ],
        "tags": [
            {
                "id": 9712,
                "name": "day"
            }
        ],
        "status": "available"
    },
    {
        "id": 771013,
        "category": {
            "id": 0,
            "name": "string"
        },
        "name": "batel",
        "photoUrls": [
            "string1",
            "string2",
            "string3"
        ],
        "tags": [
            {
                "id": 0,
                "name": "string"
            }
        ],
        "status": "available"
    },
    {
        "id": 863402,
        "name": "bateltest",
        "photoUrls": [
            "string"
        ],
        "tags": [
            
        ],
        "status": "available"
    },
    {
        "id": 9223372036854764076,
        "name": "doggie",
        "photoUrls": [
            "string"
        ],
        "tags": [
            
        ],
        "status": "available"
    },
    {
        "id": 9223372036854764088,
        "category": {
            "id": 0,
            "name": "string"
        },
        "name": "fish",
        "photoUrls": [
            "string"
        ],
        "tags": [
            {
                "id": 0,
                "name": "string"
            }
        ],
        "status": "available"
    },
    {
        "id": 864182,
        "category": {
            "id": 0,
            "name": "string"
        },
        "name": "batel",
        "photoUrls": [
            "string"
[...]
        "status": "available"
    },
    {
        "id": 688129,
        "name": "bateltest",
        "photoUrls": [
            "string"
        ],
        "tags": [
            
        ],
        "status": "available"
    },
    {
        "id": 9223372036854764114,
        "category": {
            "id": 0,
            "name": "string"
        },
        "name": "fish",
        "photoUrls": [
            "string"
        ],
        "tags": [
            {
                "id": 0,
                "name": "string"
            }
        ],
        "status": "available"
    },
    {
        "id": 9223372036854764115,
        "category": {
            "id": 0,
            "name": "string"
        },
        "name": "fish",
        "photoUrls": [
            "string"
        ],
        "tags": [
            {
                "id": 0,
                "name": "string"
            }
        ],
        "status": "available"
    },
    {
        "id": 9223372036854764116,
        "category": {
            "id": 0,
            "name": "string"
        },
        "name": "fish",
        "photoUrls": [
            "string"
        ],
        "tags": [
            {
                "id": 0,
                "name": "string"
            }
        ],
        "status": "available"
    },
    {
        "id": 9223372036854764117,
        "category": {
            "id": 0,
            "name": "string"
        },
        "name": "fish",
        "photoUrls": [
            "string"
        ],
        "tags": [
            {
                "id": 0,
                "name": "string"
            }
        ],
        "status": "available"
    },
    {
        "id": 47786,
        "category": {
            "id": 0,
            "name": "string"
        },
        "name": "batel",
        "photoUrls": [
            "string"
        ],
        "tags": [
            {
                "id": 0,
                "name": "string"
            }
        ],
        "status": "available"
    },
    {
        "id": 830918,
        "category": {
            "id": 0,
            "name": "string"
        },
        "name": "batel",
        "photoUrls": [
            "string1",
            "string2",
            "string3"
        ],
        "tags": [
            {
                "id": 0,
                "name": "string"
            }
        ],
        "status": "available"
    },
    {
        "id": 841894,
        "name": "bateltest",
        "photoUrls": [
            "string"
        ],
        "tags": [
            
        ],
        "status": "available"
    },
    {
        "id": 9223372036854764142,
        "category": {
            "id": 0,
            "name": "string"
        },
        "name": "doggie",
        "photoUrls": [
            "string"
        ],
        "tags": [
            {
                "id": 0,
                "name": "string"
            }
        ],
        "status": "available"
    },
    {
        "id": 9223372036854764143,
        "category": {
            "id": 0,
            "name": "string"
        },
        "name": "fish",
        "photoUrls": [
            "string"
        ],
        "tags": [
            {
                "id": 0,
                "name": "string"
            }
        ],
        "status": "available"
    },
    {
        "id": 9223372036854764144,
        "category": {
            "id": 0,
            "name": "string"
        },
        "name": "fish",
        "photoUrls": [
            "string"
        ],
        "tags": [
            {
                "id": 0,
                "name": "string"
            }
        ],
        "status": "available"
    },
    {
        "id": 9223372036854764145,
        "category": {
            "id": 0,
            "name": "string"
        },
        "name": "doggie",
        "photoUrls": [
            "string"
        ],
        "tags": [
            {
                "id": 0,
                "name": "string"
            }
        ],
        "status": "available"
    },
    {
        "id": 9223372036854764146,
        "category": {
            "id": 0,
            "name": "string"
        },
        "name": "Puff",
        "photoUrls": [
            "string"
        ],
        "tags": [
            {
                "id": 0,
                "name": "string"
            }
        ],
        "status": "available"
    },
    {
        "id": 9223372036854764147,
        "category": {
            "id": 0,
            "name": "string"
        },
        "name": "doggie",
        "photoUrls": [
            "string"
        ],
        "tags": [
            {
                "id": 0,
                "name": "string"
            }
        ],
        "status": "available"
    },
    {
        "id": 9223372036854764151,
        "category": {
            "id": 0,
            "name": "string"
        },
        "name": "fish",
        "photoUrls": [
            "string"
        ],
        "tags": [
            {
                "id": 0,
                "name": "string"
            }
        ],
        "status": "available"
    },
    {
        "id": 9223372036854764168,
        "category": {
            "id": 0,
            "name": "string"
        },
        "name": "fish",
        "photoUrls": [
            "string"
        ],
        "tags": [
            {
                "id": 0,
                "name": "string"
            }
        ],
        "status": "available"
    },
    {
        "id": 9223372036854764170,
        "category": {
            "id": 0,
            "name": "string"
        },
        "name": "_",
        "photoUrls": [
            "string"
        ],
        "tags": [
            {
                "id": 0,
                "name": "string"
            }
        ],
        "status": "available"
    },
    {
        "id": 703998,
        "category": {
            "id": 0,
            "name": "string"
        },
        "name": "batel",
        "photoUrls": [
            "string"
        ],
        "tags": [
            {
                "id": 0,
                "name": "string"
            }
        ],
        "status": "available"
    },
    {
        "id": 620741,
        "category": {
            "id": 0,
            "name": "string"
        },
        "name": "batel",
        "photoUrls": [
            "string1",
            "string2",
            "string3"
        ],
        "tags": [
            {
                "id": 0,
                "name": "string"
            }
        ],
        "status": "available"
    },
    {
        "id": 635314,
        "name": "bateltest",
        "photoUrls": [
            "string"
        ],
        "tags": [
            
        ],
        "status": "available"
    },
    {
        "id": 9223372036854764179,
        "category": {
            "id": 0,
            "name": "string"
        },
        "name": "fish",
        "photoUrls": [
            "string"
        ],
        "tags": [
            {
                "id": 0,
                "name": "string"
            }
        ],
        "status": "available"
    },
    {
        "id": 9223372036854764191,
        "category": {
            "id": 0,
            "name": "string"
        },
        "name": "fish",
        "photoUrls": [
            "string"
        ],
        "tags": [
            {
                "id": 0,
                "name": "string"
            }
        ],
        "status": "available"
    },
    {
        "id": 535389,
        "category": {
            "id": 0,
            "name": "string"
        },
        "name": "batel",
        "photoUrls": [
            "string"
        ],
        "tags": [
            {
                "id": 0,
                "name": "string"
            }
        ],
        "status": "available"
    },
    {
        "id": 782815,
        "category": {
            "id": 0,
            "name": "string"
        },
        "name": "batel",
        "photoUrls": [
            "string1",
            "string2",
            "string3"
        ],
        "tags": [
            {
                "id": 0,
                "name": "string"
            }
        ],
        "status": "available"
    },
    {
        "id": 82517,
        "name": "bateltest",
        "photoUrls": [
            "string"
        ],
        "tags": [
            
        ],
        "status": "available"
    },
    {
        "id": 9223372036854764194,
        "category": {
            "id": 0,
            "name": "string"
        },
        "name": "fish",
        "photoUrls": [
            "string"
        ],
        "tags": [
            {
                "id": 0,
                "name": "string"
            }
        ],
        "status": "available"
    },
    {
        "id": 9223372036854764201,
        "category": {
            "id": 0,
            "name": "string"
        },
        "name": "Puff",
        "photoUrls": [
            "string"
        ],
        "tags": [
            {
                "id": 0,
                "name": "string"
            }
        ],
        "status": "available"
    },
    {
        "id": 112233,
        "category": {
            "id": 30,
            "name": "Eq-dog"
        },
        "name": "Postman",
        "photoUrls": [
            "URLLink"
        ],
        "tags": [
            {
                "id": 10,
                "name": "Doberman"
            }
        ],
        "status": "available"
    },
    {
        "id": 1245,
        "category": {
            "id": 1245,
            "name": "xyz"
        },
        "name": "xyz",
        "photoUrls": [
            "test"
        ],
        "tags": [
            
        ],
        "status": "available"
    },
    {
        "id": 9223372036854764211,
        "category": {
            "id": 0,
            "name": "string"
        },
        "name": "fish",
        "photoUrls": [
            "string"
        ],
        "tags": [
            {
                "id": 0,
                "name": "string"
            }
        ],
        "status": "available"
    },
    {
        "id": 882337,
        "category": {
            "id": 0,
            "name": "string"
        },
        "name": "batel",
        "photoUrls": [
            "string"
        ],
        "tags": [
            {
                "id": 0,
                "name": "string"
            }
        ],
        "status": "available"
    },
    {
        "id": 3247,
        "category": {
            "id": 0,
            "name": "string"
        },
        "name": "batel",
        "photoUrls": [
            "string1",
            "string2",
            "string3"
        ],
        "tags": [
            {
                "id": 0,
                "name": "string"
            }
        ],
        "status": "available"
    },
    {
        "id": 665116,
        "name": "bateltest",
        "photoUrls": [
            "string"
        ],
        "tags": [
            
        ],
        "status": "available"
    },
    {
        "id": 9223372036854764212,
        "category": {
            "id": 0,
            "name": "string"
        },
        "name": "fish",
        "photoUrls": [
            "string"
        ],
        "tags": [
            {
                "id": 0,
                "name": "string"
            }
        ],
        "status": "available"
    },
    {
        "id": 9223372036854764213,
        "category": {
            "id": 0,
            "name": "string"
        },
        "name": "fish",
        "photoUrls": [
            "string"
        ],
        "tags": [
            {
                "id": 0,
                "name": "string"
            }
        ],
        "status": "available"
    },
    {
        "id": 9223372036854764214,
        "category": {
            "id": 0,
            "name": "string"
        },
        "name": "fish",
        "photoUrls": [
            "string"
        ],
        "tags": [
            {
                "id": 0,
                "name": "string"
            }
        ],
        "status": "available"
    },
    {
        "id": 9223372036854764217,
        "category": {
            "id": 0,
            "name": "string"
        },
        "name": "doggie",
        "photoUrls": [
            "string"
        ],
        "tags": [
            {
                "id": 0,
                "name": "string"
            }
        ],
        "status": "available"
    },
    {
        "id": 9223372036854764219,
        "category": {
            "id": 75018653,
            "name": "est irure culpa minim adipisicing"
        },
        "name": "zirve_007",
        "photoUrls": [
            "hello world"
        ],
        "tags": [
            {
                "id": -75379273,
                "name": "reprehenderit ut"
            },
            {
                "id": 8309950,
                "name": "in aute"
            }
        ],
        "status": "available"
    },
    {
        "id": 9223372036854764230,
        "category": {
            "id": 0,
            "name": "string"
        },
        "name": "doggie",
        "photoUrls": [
            "string"
        ],
        "tags": [
            {
                "id": 0,
                "name": "string"
            }
        ],
        "status": "available"
    },
    {
        "id": 9223372036854764234,
        "category": {
            "id": 10,
            "name": "ZAP"
        },
        "name": "ZAP",
        "photoUrls": [
            "John Doe"
        ],
        "tags": [
            {
                "id": 10,
                "name": "ZAP"
            }
        ],
        "status": "available"
    },
    {
        "id": 9223372036854764235,
        "category": {
            "id": 10,
            "name": "ZAP"
        },
        "name": "ZAP",
        "photoUrls": [
            "John Doe"
        ],
        "tags": [
            {
                "id": 10,
                "name": "ZAP"
            }
        ],
        "status": "available"
    },
    {
        "id": 9223372036854764237,
        "category": {
            "id": 10,
            "name": "ZAP"
        },
        "name": "ZAP",
        "photoUrls": [
            "John Doe"
        ],
        "tags": [
            {
                "id": 10,
                "name": "ZAP"
            }
        ],
        "status": "available"
    },
    {
        "id": 9223372036854764238,
        "category": {
            "id": 10,
            "name": "ZAP"
        },
        "name": "ZAP",
        "photoUrls": [
            "John Doe"
        ],
        "tags": [
            {
                "id": 10,
                "name": "ZAP"
            }
        ],
        "status": "available"
    },
    {
        "id": 9223372036854764240,
        "category": {
            "id": 10,
            "name": "ZAP"
        },
        "name": "ZAP",
        "photoUrls": [
            "John Doe"
        ],
        "tags": [
            {
                "id": 10,
                "name": "ZAP"
            }
        ],
        "status": "available"
    },
    {
        "id": 9223372036854764241,
        "category": {
            "id": 10,
            "name": "ZAP"
        },
        "name": "ZAP",
        "photoUrls": [
            "John Doe"
        ],
        "tags": [
            {
                "id": 10,
                "name": "ZAP"
            }
        ],
        "status": "available"
    },
    {
        "id": 9223372036854764242,
        "category": {
            "id": 0,
            "name": "string"
        },
        "name": "doggie",
        "photoUrls": [
            "string"
        ],
        "tags": [
            {
                "id": 0,
                "name": "string"
            }
        ],
        "status": "available"
    },
    {
        "id": 22,
        "category": {
            "id": 1,
            "name": "?????"
        },
        "name": "?????",
        "photoUrls": [
            "https://avatars.mds.yandex.net/i?id=5630771c91bac92202fe2ff2665341d44e38fa8a-9783932-images-thumbs&n=13"
        ],
        "tags": [
            {
                "id": 3,
                "name": "?????"
            }
        ],
        "status": "available"
    },
    {
        "id": 2000,
        "category": {
            "id": 200,
            "name": "string"
        },
        "name": "cat",
        "photoUrls": [
            "string"
        ],
        "tags": [
            {
                "id": 0,
                "name": "string"
            }
        ],
        "status": "available"
    },
    {
        "id": 475430,
        "category": {
            "id": 0,
            "name": "string"
        },
        "name": "batel",
        "photoUrls": [
            "string"
        ],
        "tags": [
            {
                "id": 0,
                "name": "string"
            }
        ],
        "status": "available"
    },
    {
        "id": 898444,
        "category": {
            "id": 0,
            "name": "string"
        },
        "name": "batel",
        "photoUrls": [
            "string1",
            "string2",
            "string3"
        ],
        "tags": [
            {
                "id": 0,
                "name": "string"
            }
        ],
        "status": "available"
    },
    {
        "id": 9223372036854764248,
        "category": {
            "id": 0,
            "name": "string"
        },
        "name": "doggie",
        "photoUrls": [
            "string"
        ],
        "tags": [
            {
                "id": 0,
                "name": "string"
            }
        ],
        "status": "available"
    },
    {
        "id": 9223372036854764249,
        "category": {
            "id": 0,
            "name": "string"
        },
        "name": "fish",
        "photoUrls": [
            "string"
        ],
        "tags": [
            {
                "id": 0,
                "name": "string"
            }
        ],
        "status": "available"
    },
    {
        "id": 305153,
        "name": "bateltest",
        "photoUrls": [
            "string"
        ],
        "tags": [
            
        ],
        "status": "available"
    },
    {
        "id": 9223372036854764250,
        "category": {
            "id": 0,
            "name": "string"
        },
        "name": "Puff",
        "photoUrls": [
            "string"
        ],
        "tags": [
            {
                "id": 0,
                "name": "string"
            }
        ],
        "status": "available"
    },
    {
        "id": 703850,
        "category": {
            "id": 2020,
            "name": "string"
        },
        "name": "doggie",
        "photoUrls": [
            "string"
        ],
        "tags": [
            {
                "id": 0,
                "name": "string"
            }
        ],
        "status": "available"
    },
    {
        "id": 9223372036854764265,
        "category": {
            "id": 0,
            "name": "string"
        },
        "name": "fish",
        "photoUrls": [
            "string"
        ],
        "tags": [
            {
                "id": 0,
                "name": "string"
            }
        ],
        "status": "available"
    },
    {
        "id": 9223372036854764266,
        "category": {
            "id": 0,
            "name": "Jerry"
        },
        "name": "Mouse",
        "photoUrls": [
            "string"
        ],
        "tags": [
            {
                "id": 0,
                "name": "Mouse"
            }
        ],
        "status": "available"
    },
    {
        "id": 99996,
        "name": "doggie_by_ms",
        "photoUrls": [
            "string"
        ],
        "tags": [
            {
                "id": 0,
                "name": "string"
            }
        ],
        "status": "available"
    },
    {
        "id": 1,
        "name": "Dog",
        "status": "available"
    }
]
]]></system-out>
  </testcase>
  <testcase name="testFindPetById_NotFound" classname="tests.api.TestsPet" time="8.185"/>
</testsuite>